<?xml version="1.0" encoding="UTF-8"?>
<!-- Generated by org.testng.reporters.JUnitXMLReporter -->
<testsuite hostname="DESKTOP-P7R3D54" name="Default test" tests="10" failures="0" timestamp="31 Mar 2019 10:12:01 GMT" time="0.109" errors="0">
  <testcase name="@BeforeClass beforeClass" time="0.0" classname="com.bankguru.testcase.NewCustomerScript">
    <failure type="org.testng.TestNGException" message="
Parameter &amp;apos;browser&amp;apos; is required by @Configuration on method beforeClass but has not been marked @Optional or defined
in C:\Users\Xuan InvinChi\AppData\Local\Temp\testng-eclipse--49638148\testng-customsuite.xml">
      <![CDATA[org.testng.TestNGException: 
Parameter 'browser' is required by @Configuration on method beforeClass but has not been marked @Optional or defined
in C:\Users\Xuan InvinChi\AppData\Local\Temp\testng-eclipse--49638148\testng-customsuite.xml
	at org.testng.internal.Parameters.createParameters(Parameters.java:155)
	at org.testng.internal.Parameters.createParameters(Parameters.java:355)
	at org.testng.internal.Parameters.createConfigurationParameters(Parameters.java:86)
	at org.testng.internal.Invoker.invokeConfigurations(Invoker.java:199)
	at org.testng.internal.Invoker.invokeConfigurations(Invoker.java:138)
	at org.testng.internal.TestMethodWorker.invokeBeforeClassMethods(TestMethodWorker.java:175)
	at org.testng.internal.TestMethodWorker.run(TestMethodWorker.java:107)
	at org.testng.TestRunner.privateRun(TestRunner.java:767)
	at org.testng.TestRunner.run(TestRunner.java:617)
	at org.testng.SuiteRunner.runTest(SuiteRunner.java:334)
	at org.testng.SuiteRunner.runSequentially(SuiteRunner.java:329)
	at org.testng.SuiteRunner.privateRun(SuiteRunner.java:291)
	at org.testng.SuiteRunner.run(SuiteRunner.java:240)
	at org.testng.SuiteRunnerWorker.runSuite(SuiteRunnerWorker.java:52)
	at org.testng.SuiteRunnerWorker.run(SuiteRunnerWorker.java:86)
	at org.testng.TestNG.runSuitesSequentially(TestNG.java:1198)
	at org.testng.TestNG.runSuitesLocally(TestNG.java:1123)
	at org.testng.TestNG.run(TestNG.java:1031)
	at org.testng.remote.AbstractRemoteTestNG.run(AbstractRemoteTestNG.java:114)
	at org.testng.remote.RemoteTestNG.initAndRun(RemoteTestNG.java:251)
	at org.testng.remote.RemoteTestNG.main(RemoteTestNG.java:77)
]]>
    </failure>
  </testcase> <!-- @BeforeClass beforeClass -->
  <testcase name="@BeforeMethod beforeMethod" time="0.0" classname="com.bankguru.testcase.NewCustomerScript">
    <skipped/>
  </testcase> <!-- @BeforeMethod beforeMethod -->
  <testcase name="@BeforeMethod beforeMethod" time="0.0" classname="com.bankguru.testcase.NewCustomerScript">
    <skipped/>
  </testcase> <!-- @BeforeMethod beforeMethod -->
  <testcase name="@BeforeMethod beforeMethod" time="0.0" classname="com.bankguru.testcase.NewCustomerScript">
    <skipped/>
  </testcase> <!-- @BeforeMethod beforeMethod -->
  <testcase name="@BeforeMethod beforeMethod" time="0.0" classname="com.bankguru.testcase.NewCustomerScript">
    <skipped/>
  </testcase> <!-- @BeforeMethod beforeMethod -->
  <testcase name="@BeforeMethod beforeMethod" time="0.0" classname="com.bankguru.testcase.NewCustomerScript">
    <skipped/>
  </testcase> <!-- @BeforeMethod beforeMethod -->
  <testcase name="@BeforeMethod beforeMethod" time="0.0" classname="com.bankguru.testcase.NewCustomerScript">
    <skipped/>
  </testcase> <!-- @BeforeMethod beforeMethod -->
  <testcase name="@BeforeMethod beforeMethod" time="0.0" classname="com.bankguru.testcase.NewCustomerScript">
    <skipped/>
  </testcase> <!-- @BeforeMethod beforeMethod -->
  <testcase name="@BeforeMethod beforeMethod" time="0.0" classname="com.bankguru.testcase.NewCustomerScript">
    <skipped/>
  </testcase> <!-- @BeforeMethod beforeMethod -->
  <testcase name="@BeforeMethod beforeMethod" time="0.0" classname="com.bankguru.testcase.NewCustomerScript">
    <skipped/>
  </testcase> <!-- @BeforeMethod beforeMethod -->
  <testcase name="@BeforeMethod beforeMethod" time="0.0" classname="com.bankguru.testcase.NewCustomerScript">
    <skipped/>
  </testcase> <!-- @BeforeMethod beforeMethod -->
  <testcase name="@AfterClass afterClass" time="0.0" classname="com.bankguru.testcase.NewCustomerScript">
    <skipped/>
  </testcase> <!-- @AfterClass afterClass -->
  <testcase name="TC_01" time="0.007" classname="com.bankguru.testcase.NewCustomerScript">
    <skipped/>
  </testcase> <!-- TC_01 -->
  <testcase name="TC_02" time="0.003" classname="com.bankguru.testcase.NewCustomerScript">
    <skipped/>
  </testcase> <!-- TC_02 -->
  <testcase name="TC_03" time="0.002" classname="com.bankguru.testcase.NewCustomerScript">
    <skipped/>
  </testcase> <!-- TC_03 -->
  <testcase name="TC_04" time="0.002" classname="com.bankguru.testcase.NewCustomerScript">
    <skipped/>
  </testcase> <!-- TC_04 -->
  <testcase name="TC_05" time="0.006" classname="com.bankguru.testcase.NewCustomerScript">
    <skipped/>
  </testcase> <!-- TC_05 -->
  <testcase name="TC_06" time="0.002" classname="com.bankguru.testcase.NewCustomerScript">
    <skipped/>
  </testcase> <!-- TC_06 -->
  <testcase name="TC_08" time="0.003" classname="com.bankguru.testcase.NewCustomerScript">
    <skipped/>
  </testcase> <!-- TC_08 -->
  <testcase name="TC_09" time="0.003" classname="com.bankguru.testcase.NewCustomerScript">
    <skipped/>
  </testcase> <!-- TC_09 -->
  <testcase name="TC_10" time="0.001" classname="com.bankguru.testcase.NewCustomerScript">
    <skipped/>
  </testcase> <!-- TC_10 -->
  <testcase name="TC_11" time="0.002" classname="com.bankguru.testcase.NewCustomerScript">
    <skipped/>
  </testcase> <!-- TC_11 -->
</testsuite> <!-- Default test -->
